2025-11-04T17:28:41.607+03:00  INFO 89294 --- [user-service] [main] c.e.user_service.UserServiceApplication  : Starting UserServiceApplication using Java 24.0.1 with PID 89294 (/Users/dmitry/Desktop/pet/UserNotifier/user-service/target/classes started by dmitry in /Users/dmitry/Desktop/pet/UserNotifier)
2025-11-04T17:28:41.610+03:00  INFO 89294 --- [user-service] [main] c.e.user_service.UserServiceApplication  : No active profile set, falling back to 1 default profile: "default"
2025-11-04T17:28:42.002+03:00  INFO 89294 --- [user-service] [main] .s.d.r.c.RepositoryConfigurationDelegate : Bootstrapping Spring Data JPA repositories in DEFAULT mode.
2025-11-04T17:28:42.030+03:00  INFO 89294 --- [user-service] [main] .s.d.r.c.RepositoryConfigurationDelegate : Finished Spring Data repository scanning in 22 ms. Found 1 JPA repository interface.
2025-11-04T17:28:42.299+03:00  INFO 89294 --- [user-service] [main] o.s.b.w.embedded.tomcat.TomcatWebServer  : Tomcat initialized with port 8080 (http)
2025-11-04T17:28:42.311+03:00  INFO 89294 --- [user-service] [main] o.apache.catalina.core.StandardService   : Starting service [Tomcat]
2025-11-04T17:28:42.312+03:00  INFO 89294 --- [user-service] [main] o.apache.catalina.core.StandardEngine    : Starting Servlet engine: [Apache Tomcat/10.1.46]
2025-11-04T17:28:42.337+03:00  INFO 89294 --- [user-service] [main] o.a.c.c.C.[Tomcat].[localhost].[/]       : Initializing Spring embedded WebApplicationContext
2025-11-04T17:28:42.337+03:00  INFO 89294 --- [user-service] [main] w.s.c.ServletWebServerApplicationContext : Root WebApplicationContext: initialization completed in 704 ms
2025-11-04T17:28:42.610+03:00  INFO 89294 --- [user-service] [main] o.s.o.j.p.SpringPersistenceUnitInfo      : No LoadTimeWeaver setup: ignoring JPA class transformer
2025-11-04T17:28:42.625+03:00  INFO 89294 --- [user-service] [main] com.zaxxer.hikari.HikariDataSource       : HikariPool-1 - Starting...
2025-11-04T17:28:42.744+03:00  INFO 89294 --- [user-service] [main] com.zaxxer.hikari.pool.HikariPool        : HikariPool-1 - Added connection org.postgresql.jdbc.PgConnection@6326c5ec
2025-11-04T17:28:42.745+03:00  INFO 89294 --- [user-service] [main] com.zaxxer.hikari.HikariDataSource       : HikariPool-1 - Start completed.
2025-11-04T17:28:42.770+03:00  WARN 89294 --- [user-service] [main] org.hibernate.orm.deprecation            : HHH90000025: PostgreSQLDialect does not need to be specified explicitly using 'hibernate.dialect' (remove the property setting and it will be selected by default)
2025-11-04T17:28:43.216+03:00  INFO 89294 --- [user-service] [main] j.LocalContainerEntityManagerFactoryBean : Initialized JPA EntityManagerFactory for persistence unit 'default'
2025-11-04T17:28:43.372+03:00  WARN 89294 --- [user-service] [main] JpaBaseConfiguration$JpaWebConfiguration : spring.jpa.open-in-view is enabled by default. Therefore, database queries may be performed during view rendering. Explicitly configure spring.jpa.open-in-view to disable this warning
2025-11-04T17:28:43.577+03:00  INFO 89294 --- [user-service] [main] o.s.b.w.embedded.tomcat.TomcatWebServer  : Tomcat started on port 8080 (http) with context path '/'
2025-11-04T17:28:43.584+03:00  INFO 89294 --- [user-service] [main] c.e.user_service.UserServiceApplication  : Started UserServiceApplication in 2.309 seconds (process running for 2.586)
2025-11-04T17:31:57.138+03:00  INFO 89294 --- [user-service] [http-nio-8080-exec-2] o.a.c.c.C.[Tomcat].[localhost].[/]       : Initializing Spring DispatcherServlet 'dispatcherServlet'
2025-11-04T17:31:57.196+03:00  INFO 89294 --- [user-service] [http-nio-8080-exec-2] c.e.u.controller.UserController          : GET /api/users - Получение списка всех пользователей
2025-11-04T17:31:57.295+03:00  INFO 89294 --- [user-service] [http-nio-8080-exec-2] c.e.u.controller.UserController          : GET /api/users - Успешно получено 6 пользователей
2025-11-04T17:32:35.832+03:00  INFO 89294 --- [user-service] [http-nio-8080-exec-3] c.e.u.controller.UserController          : DELETE /api/users/1 - Удаление пользователя
2025-11-04T17:32:35.870+03:00  INFO 89294 --- [user-service] [http-nio-8080-exec-3] o.a.k.clients.producer.ProducerConfig    : ProducerConfig values: 
	acks = -1
	auto.include.jmx.reporter = true
	batch.size = 16384
	bootstrap.servers = [localhost:9092, localhost:9094]
	buffer.memory = 33554432
	client.dns.lookup = use_all_dns_ips
	client.id = user-service-producer-1
	compression.gzip.level = -1
	compression.lz4.level = 9
	compression.type = none
	compression.zstd.level = 3
	connections.max.idle.ms = 540000
	delivery.timeout.ms = 30000
	enable.idempotence = true
	enable.metrics.push = true
	interceptor.classes = []
	key.serializer = class org.apache.kafka.common.serialization.StringSerializer
	linger.ms = 5
	max.block.ms = 60000
	max.in.flight.requests.per.connection = 5
	max.request.size = 1048576
	metadata.max.age.ms = 300000
	metadata.max.idle.ms = 300000
	metadata.recovery.strategy = none
	metric.reporters = []
	metrics.num.samples = 2
	metrics.recording.level = INFO
	metrics.sample.window.ms = 30000
	partitioner.adaptive.partitioning.enable = true
	partitioner.availability.timeout.ms = 0
	partitioner.class = null
	partitioner.ignore.keys = false
	receive.buffer.bytes = 32768
	reconnect.backoff.max.ms = 10000
	reconnect.backoff.ms = 1000
	request.timeout.ms = 15000
	retries = 2147483647
	retry.backoff.max.ms = 1000
	retry.backoff.ms = 100
	sasl.client.callback.handler.class = null
	sasl.jaas.config = null
	sasl.kerberos.kinit.cmd = /usr/bin/kinit
	sasl.kerberos.min.time.before.relogin = 60000
	sasl.kerberos.service.name = null
	sasl.kerberos.ticket.renew.jitter = 0.05
	sasl.kerberos.ticket.renew.window.factor = 0.8
	sasl.login.callback.handler.class = null
	sasl.login.class = null
	sasl.login.connect.timeout.ms = null
	sasl.login.read.timeout.ms = null
	sasl.login.refresh.buffer.seconds = 300
	sasl.login.refresh.min.period.seconds = 60
	sasl.login.refresh.window.factor = 0.8
	sasl.login.refresh.window.jitter = 0.05
	sasl.login.retry.backoff.max.ms = 10000
	sasl.login.retry.backoff.ms = 100
	sasl.mechanism = GSSAPI
	sasl.oauthbearer.clock.skew.seconds = 30
	sasl.oauthbearer.expected.audience = null
	sasl.oauthbearer.expected.issuer = null
	sasl.oauthbearer.header.urlencode = false
	sasl.oauthbearer.jwks.endpoint.refresh.ms = 3600000
	sasl.oauthbearer.jwks.endpoint.retry.backoff.max.ms = 10000
	sasl.oauthbearer.jwks.endpoint.retry.backoff.ms = 100
	sasl.oauthbearer.jwks.endpoint.url = null
	sasl.oauthbearer.scope.claim.name = scope
	sasl.oauthbearer.sub.claim.name = sub
	sasl.oauthbearer.token.endpoint.url = null
	security.protocol = PLAINTEXT
	security.providers = null
	send.buffer.bytes = 131072
	socket.connection.setup.timeout.max.ms = 30000
	socket.connection.setup.timeout.ms = 10000
	ssl.cipher.suites = null
	ssl.enabled.protocols = [TLSv1.2, TLSv1.3]
	ssl.endpoint.identification.algorithm = https
	ssl.engine.factory.class = null
	ssl.key.password = null
	ssl.keymanager.algorithm = SunX509
	ssl.keystore.certificate.chain = null
	ssl.keystore.key = null
	ssl.keystore.location = null
	ssl.keystore.password = null
	ssl.keystore.type = JKS
	ssl.protocol = TLSv1.3
	ssl.provider = null
	ssl.secure.random.implementation = null
	ssl.trustmanager.algorithm = PKIX
	ssl.truststore.certificates = null
	ssl.truststore.location = null
	ssl.truststore.password = null
	ssl.truststore.type = JKS
	transaction.timeout.ms = 60000
	transactional.id = null
	value.serializer = class org.springframework.kafka.support.serializer.JsonSerializer

2025-11-04T17:32:35.893+03:00  INFO 89294 --- [user-service] [http-nio-8080-exec-3] o.a.k.c.t.i.KafkaMetricsCollector        : initializing Kafka metrics collector
2025-11-04T17:32:35.948+03:00  INFO 89294 --- [user-service] [http-nio-8080-exec-3] o.a.k.clients.producer.KafkaProducer     : [Producer clientId=user-service-producer-1] Instantiated an idempotent producer.
2025-11-04T17:32:35.967+03:00  INFO 89294 --- [user-service] [http-nio-8080-exec-3] o.a.kafka.common.utils.AppInfoParser     : Kafka version: 3.9.1
2025-11-04T17:32:35.967+03:00  INFO 89294 --- [user-service] [http-nio-8080-exec-3] o.a.kafka.common.utils.AppInfoParser     : Kafka commitId: f745dfdcee2b9851
2025-11-04T17:32:35.967+03:00  INFO 89294 --- [user-service] [http-nio-8080-exec-3] o.a.kafka.common.utils.AppInfoParser     : Kafka startTimeMs: 1762266755966
2025-11-04T17:32:36.132+03:00  INFO 89294 --- [user-service] [kafka-producer-network-thread | user-service-producer-1] org.apache.kafka.clients.Metadata        : [Producer clientId=user-service-producer-1] Cluster ID: PVjHlx7ESeesq55jeB6Efw
2025-11-04T17:32:36.154+03:00  INFO 89294 --- [user-service] [http-nio-8080-exec-3] c.e.u.controller.UserController          : DELETE /api/users/1 - Пользователь удален
2025-11-04T17:32:36.239+03:00  INFO 89294 --- [user-service] [kafka-producer-network-thread | user-service-producer-1] o.a.k.c.p.internals.TransactionManager   : [Producer clientId=user-service-producer-1] ProducerId set to 7000 with epoch 0
2025-11-04T17:32:36.285+03:00  INFO 89294 --- [user-service] [kafka-producer-network-thread | user-service-producer-1] c.e.u.event.producer.UserEventProducer   : Сообщение о удаления отправлено в Kafka. UserId: 1, Topic: user-deleted-events-topic, Offset: 0, Partition: 0
2025-11-04T17:46:08.194+03:00  INFO 89294 --- [user-service] [kafka-producer-network-thread | user-service-producer-1] org.apache.kafka.clients.NetworkClient   : [Producer clientId=user-service-producer-1] Node 1 disconnected.
2025-11-04T17:46:08.197+03:00  INFO 89294 --- [user-service] [kafka-producer-network-thread | user-service-producer-1] org.apache.kafka.clients.NetworkClient   : [Producer clientId=user-service-producer-1] Node -1 disconnected.
2025-11-04T17:46:19.478+03:00  WARN 89294 --- [user-service] [HikariPool-1:housekeeper] com.zaxxer.hikari.pool.HikariPool        : HikariPool-1 - Thread starvation or clock leap detected (housekeeper delta=1m6s478ms).
2025-11-04T17:47:36.127+03:00  INFO 89294 --- [user-service] [kafka-producer-network-thread | user-service-producer-1] org.apache.kafka.clients.NetworkClient   : [Producer clientId=user-service-producer-1] Node 1 disconnected.
2025-11-04T17:47:36.131+03:00  WARN 89294 --- [user-service] [kafka-producer-network-thread | user-service-producer-1] org.apache.kafka.clients.NetworkClient   : [Producer clientId=user-service-producer-1] Connection to node 1 (localhost/127.0.0.1:9092) could not be established. Node may not be available.
2025-11-04T17:47:46.708+03:00  INFO 89294 --- [user-service] [SpringApplicationShutdownHook] o.s.b.w.e.tomcat.GracefulShutdown        : Commencing graceful shutdown. Waiting for active requests to complete
2025-11-04T17:47:46.716+03:00  INFO 89294 --- [user-service] [tomcat-shutdown] o.s.b.w.e.tomcat.GracefulShutdown        : Graceful shutdown complete
2025-11-04T17:47:46.718+03:00  INFO 89294 --- [user-service] [SpringApplicationShutdownHook] o.a.k.clients.producer.KafkaProducer     : [Producer clientId=user-service-producer-1] Closing the Kafka producer with timeoutMillis = 30000 ms.
2025-11-04T17:47:46.724+03:00  INFO 89294 --- [user-service] [SpringApplicationShutdownHook] o.apache.kafka.common.metrics.Metrics    : Metrics scheduler closed
2025-11-04T17:47:46.724+03:00  INFO 89294 --- [user-service] [SpringApplicationShutdownHook] o.apache.kafka.common.metrics.Metrics    : Closing reporter org.apache.kafka.common.metrics.JmxReporter
2025-11-04T17:47:46.724+03:00  INFO 89294 --- [user-service] [SpringApplicationShutdownHook] o.apache.kafka.common.metrics.Metrics    : Closing reporter org.apache.kafka.common.telemetry.internals.ClientTelemetryReporter
2025-11-04T17:47:46.724+03:00  INFO 89294 --- [user-service] [SpringApplicationShutdownHook] o.apache.kafka.common.metrics.Metrics    : Metrics reporters closed
2025-11-04T17:47:46.725+03:00  INFO 89294 --- [user-service] [SpringApplicationShutdownHook] o.a.kafka.common.utils.AppInfoParser     : App info kafka.producer for user-service-producer-1 unregistered
2025-11-04T17:47:46.726+03:00  INFO 89294 --- [user-service] [SpringApplicationShutdownHook] j.LocalContainerEntityManagerFactoryBean : Closing JPA EntityManagerFactory for persistence unit 'default'
2025-11-04T17:47:46.730+03:00  INFO 89294 --- [user-service] [SpringApplicationShutdownHook] com.zaxxer.hikari.HikariDataSource       : HikariPool-1 - Shutdown initiated...
2025-11-04T17:47:46.732+03:00  INFO 89294 --- [user-service] [SpringApplicationShutdownHook] com.zaxxer.hikari.HikariDataSource       : HikariPool-1 - Shutdown completed.
2025-11-04T18:12:39.741+03:00  INFO 90575 --- [user-service] [main] c.e.user_service.UserServiceApplication  : Starting UserServiceApplication using Java 24.0.1 with PID 90575 (/Users/dmitry/Desktop/pet/UserNotifier/user-service/target/classes started by dmitry in /Users/dmitry/Desktop/pet/UserNotifier)
2025-11-04T18:12:39.743+03:00  INFO 90575 --- [user-service] [main] c.e.user_service.UserServiceApplication  : No active profile set, falling back to 1 default profile: "default"
2025-11-04T18:12:40.151+03:00  INFO 90575 --- [user-service] [main] .s.d.r.c.RepositoryConfigurationDelegate : Bootstrapping Spring Data JPA repositories in DEFAULT mode.
2025-11-04T18:12:40.177+03:00  INFO 90575 --- [user-service] [main] .s.d.r.c.RepositoryConfigurationDelegate : Finished Spring Data repository scanning in 21 ms. Found 1 JPA repository interface.
2025-11-04T18:12:40.449+03:00  INFO 90575 --- [user-service] [main] o.s.b.w.embedded.tomcat.TomcatWebServer  : Tomcat initialized with port 8080 (http)
2025-11-04T18:12:40.456+03:00  INFO 90575 --- [user-service] [main] o.apache.catalina.core.StandardService   : Starting service [Tomcat]
2025-11-04T18:12:40.457+03:00  INFO 90575 --- [user-service] [main] o.apache.catalina.core.StandardEngine    : Starting Servlet engine: [Apache Tomcat/10.1.46]
2025-11-04T18:12:40.482+03:00  INFO 90575 --- [user-service] [main] o.a.c.c.C.[Tomcat].[localhost].[/]       : Initializing Spring embedded WebApplicationContext
2025-11-04T18:12:40.482+03:00  INFO 90575 --- [user-service] [main] w.s.c.ServletWebServerApplicationContext : Root WebApplicationContext: initialization completed in 716 ms
2025-11-04T18:12:40.757+03:00  INFO 90575 --- [user-service] [main] o.s.o.j.p.SpringPersistenceUnitInfo      : No LoadTimeWeaver setup: ignoring JPA class transformer
2025-11-04T18:12:40.771+03:00  INFO 90575 --- [user-service] [main] com.zaxxer.hikari.HikariDataSource       : HikariPool-1 - Starting...
2025-11-04T18:12:40.865+03:00  INFO 90575 --- [user-service] [main] com.zaxxer.hikari.pool.HikariPool        : HikariPool-1 - Added connection org.postgresql.jdbc.PgConnection@401ec794
2025-11-04T18:12:40.865+03:00  INFO 90575 --- [user-service] [main] com.zaxxer.hikari.HikariDataSource       : HikariPool-1 - Start completed.
2025-11-04T18:12:40.889+03:00  WARN 90575 --- [user-service] [main] org.hibernate.orm.deprecation            : HHH90000025: PostgreSQLDialect does not need to be specified explicitly using 'hibernate.dialect' (remove the property setting and it will be selected by default)
2025-11-04T18:12:41.327+03:00  INFO 90575 --- [user-service] [main] j.LocalContainerEntityManagerFactoryBean : Initialized JPA EntityManagerFactory for persistence unit 'default'
2025-11-04T18:12:41.516+03:00  WARN 90575 --- [user-service] [main] JpaBaseConfiguration$JpaWebConfiguration : spring.jpa.open-in-view is enabled by default. Therefore, database queries may be performed during view rendering. Explicitly configure spring.jpa.open-in-view to disable this warning
2025-11-04T18:12:41.753+03:00  INFO 90575 --- [user-service] [main] o.s.b.w.embedded.tomcat.TomcatWebServer  : Tomcat started on port 8080 (http) with context path '/'
2025-11-04T18:12:41.759+03:00  INFO 90575 --- [user-service] [main] c.e.user_service.UserServiceApplication  : Started UserServiceApplication in 2.344 seconds (process running for 2.551)
2025-11-04T18:12:48.687+03:00  INFO 90575 --- [user-service] [http-nio-8080-exec-1] o.a.c.c.C.[Tomcat].[localhost].[/]       : Initializing Spring DispatcherServlet 'dispatcherServlet'
2025-11-04T18:12:49.158+03:00  INFO 90575 --- [user-service] [http-nio-8080-exec-2] o.springdoc.api.AbstractOpenApiResource  : Init duration for springdoc-openapi is: 201 ms
2025-11-04T18:13:06.085+03:00  INFO 90575 --- [user-service] [SpringApplicationShutdownHook] o.s.b.w.e.tomcat.GracefulShutdown        : Commencing graceful shutdown. Waiting for active requests to complete
2025-11-04T18:13:06.092+03:00  INFO 90575 --- [user-service] [tomcat-shutdown] o.s.b.w.e.tomcat.GracefulShutdown        : Graceful shutdown complete
2025-11-04T18:13:06.095+03:00  INFO 90575 --- [user-service] [SpringApplicationShutdownHook] j.LocalContainerEntityManagerFactoryBean : Closing JPA EntityManagerFactory for persistence unit 'default'
2025-11-04T18:13:06.096+03:00  INFO 90575 --- [user-service] [SpringApplicationShutdownHook] com.zaxxer.hikari.HikariDataSource       : HikariPool-1 - Shutdown initiated...
2025-11-04T18:13:06.097+03:00  INFO 90575 --- [user-service] [SpringApplicationShutdownHook] com.zaxxer.hikari.HikariDataSource       : HikariPool-1 - Shutdown completed.
